Analysis & Synthesis report for EightMultiplier
Tue Feb 25 19:06:09 2020
Quartus Prime Version 17.1.0 Build 590 10/25/2017 SJ Lite Edition


---------------------
; Table of Contents ;
---------------------
  1. Legal Notice
  2. Analysis & Synthesis Summary
  3. Analysis & Synthesis Settings
  4. Parallel Compilation
  5. Analysis & Synthesis Source Files Read
  6. Analysis & Synthesis Resource Usage Summary
  7. Analysis & Synthesis Resource Utilization by Entity
  8. General Register Statistics
  9. Port Connectivity Checks: "ArrayRow:r0|ArrayCell:c0"
 10. Port Connectivity Checks: "ArrayRow:r0"
 11. Post-Synthesis Netlist Statistics for Top Partition
 12. Elapsed Time Per Partition
 13. Analysis & Synthesis Messages



----------------
; Legal Notice ;
----------------
Copyright (C) 2017  Intel Corporation. All rights reserved.
Your use of Intel Corporation's design tools, logic functions 
and other software and tools, and its AMPP partner logic 
functions, and any output files from any of the foregoing 
(including device programming or simulation files), and any 
associated documentation or information are expressly subject 
to the terms and conditions of the Intel Program License 
Subscription Agreement, the Intel Quartus Prime License Agreement,
the Intel FPGA IP License Agreement, or other applicable license
agreement, including, without limitation, that your use is for
the sole purpose of programming logic devices manufactured by
Intel and sold by Intel or its authorized distributors.  Please
refer to the applicable agreement for further details.



+----------------------------------------------------------------------------------+
; Analysis & Synthesis Summary                                                     ;
+------------------------------------+---------------------------------------------+
; Analysis & Synthesis Status        ; Successful - Tue Feb 25 19:06:09 2020       ;
; Quartus Prime Version              ; 17.1.0 Build 590 10/25/2017 SJ Lite Edition ;
; Revision Name                      ; EightMultiplier                             ;
; Top-level Entity Name              ; EightMultiplier                             ;
; Family                             ; MAX 10                                      ;
; Total logic elements               ; 119                                         ;
;     Total combinational functions  ; 119                                         ;
;     Dedicated logic registers      ; 0                                           ;
; Total registers                    ; 0                                           ;
; Total pins                         ; 32                                          ;
; Total virtual pins                 ; 0                                           ;
; Total memory bits                  ; 0                                           ;
; Embedded Multiplier 9-bit elements ; 0                                           ;
; Total PLLs                         ; 0                                           ;
; UFM blocks                         ; 0                                           ;
; ADC blocks                         ; 0                                           ;
+------------------------------------+---------------------------------------------+


+----------------------------------------------------------------------------------------------------------------------+
; Analysis & Synthesis Settings                                                                                        ;
+----------------------------------------------------------------------------+--------------------+--------------------+
; Option                                                                     ; Setting            ; Default Value      ;
+----------------------------------------------------------------------------+--------------------+--------------------+
; Device                                                                     ; 10M50DAF484C6GES   ;                    ;
; Top-level entity name                                                      ; EightMultiplier    ; EightMultiplier    ;
; Family name                                                                ; MAX 10             ; Cyclone V          ;
; Use smart compilation                                                      ; Off                ; Off                ;
; Enable parallel Assembler and TimeQuest Timing Analyzer during compilation ; On                 ; On                 ;
; Enable compact report table                                                ; Off                ; Off                ;
; Restructure Multiplexers                                                   ; Auto               ; Auto               ;
; Create Debugging Nodes for IP Cores                                        ; Off                ; Off                ;
; Preserve fewer node names                                                  ; On                 ; On                 ;
; Intel FPGA IP Evaluation Mode                                              ; Enable             ; Enable             ;
; Verilog Version                                                            ; Verilog_2001       ; Verilog_2001       ;
; VHDL Version                                                               ; VHDL_1993          ; VHDL_1993          ;
; State Machine Processing                                                   ; Auto               ; Auto               ;
; Safe State Machine                                                         ; Off                ; Off                ;
; Extract Verilog State Machines                                             ; On                 ; On                 ;
; Extract VHDL State Machines                                                ; On                 ; On                 ;
; Ignore Verilog initial constructs                                          ; Off                ; Off                ;
; Iteration limit for constant Verilog loops                                 ; 5000               ; 5000               ;
; Iteration limit for non-constant Verilog loops                             ; 250                ; 250                ;
; Add Pass-Through Logic to Inferred RAMs                                    ; On                 ; On                 ;
; Infer RAMs from Raw Logic                                                  ; On                 ; On                 ;
; Parallel Synthesis                                                         ; On                 ; On                 ;
; DSP Block Balancing                                                        ; Auto               ; Auto               ;
; NOT Gate Push-Back                                                         ; On                 ; On                 ;
; Power-Up Don't Care                                                        ; On                 ; On                 ;
; Remove Redundant Logic Cells                                               ; Off                ; Off                ;
; Remove Duplicate Registers                                                 ; On                 ; On                 ;
; Ignore CARRY Buffers                                                       ; Off                ; Off                ;
; Ignore CASCADE Buffers                                                     ; Off                ; Off                ;
; Ignore GLOBAL Buffers                                                      ; Off                ; Off                ;
; Ignore ROW GLOBAL Buffers                                                  ; Off                ; Off                ;
; Ignore LCELL Buffers                                                       ; Off                ; Off                ;
; Ignore SOFT Buffers                                                        ; On                 ; On                 ;
; Limit AHDL Integers to 32 Bits                                             ; Off                ; Off                ;
; Optimization Technique                                                     ; Balanced           ; Balanced           ;
; Carry Chain Length                                                         ; 70                 ; 70                 ;
; Auto Carry Chains                                                          ; On                 ; On                 ;
; Auto Open-Drain Pins                                                       ; On                 ; On                 ;
; Perform WYSIWYG Primitive Resynthesis                                      ; Off                ; Off                ;
; Auto ROM Replacement                                                       ; On                 ; On                 ;
; Auto RAM Replacement                                                       ; On                 ; On                 ;
; Auto DSP Block Replacement                                                 ; On                 ; On                 ;
; Auto Shift Register Replacement                                            ; Auto               ; Auto               ;
; Allow Shift Register Merging across Hierarchies                            ; Auto               ; Auto               ;
; Auto Clock Enable Replacement                                              ; On                 ; On                 ;
; Strict RAM Replacement                                                     ; Off                ; Off                ;
; Allow Synchronous Control Signals                                          ; On                 ; On                 ;
; Force Use of Synchronous Clear Signals                                     ; Off                ; Off                ;
; Auto RAM Block Balancing                                                   ; On                 ; On                 ;
; Auto RAM to Logic Cell Conversion                                          ; Off                ; Off                ;
; Auto Resource Sharing                                                      ; Off                ; Off                ;
; Allow Any RAM Size For Recognition                                         ; Off                ; Off                ;
; Allow Any ROM Size For Recognition                                         ; Off                ; Off                ;
; Allow Any Shift Register Size For Recognition                              ; Off                ; Off                ;
; Use LogicLock Constraints during Resource Balancing                        ; On                 ; On                 ;
; Ignore translate_off and synthesis_off directives                          ; Off                ; Off                ;
; Timing-Driven Synthesis                                                    ; On                 ; On                 ;
; Report Parameter Settings                                                  ; On                 ; On                 ;
; Report Source Assignments                                                  ; On                 ; On                 ;
; Report Connectivity Checks                                                 ; On                 ; On                 ;
; Ignore Maximum Fan-Out Assignments                                         ; Off                ; Off                ;
; Synchronization Register Chain Length                                      ; 2                  ; 2                  ;
; Power Optimization During Synthesis                                        ; Normal compilation ; Normal compilation ;
; HDL message level                                                          ; Level2             ; Level2             ;
; Suppress Register Optimization Related Messages                            ; Off                ; Off                ;
; Number of Removed Registers Reported in Synthesis Report                   ; 5000               ; 5000               ;
; Number of Swept Nodes Reported in Synthesis Report                         ; 5000               ; 5000               ;
; Number of Inverted Registers Reported in Synthesis Report                  ; 100                ; 100                ;
; Clock MUX Protection                                                       ; On                 ; On                 ;
; Auto Gated Clock Conversion                                                ; Off                ; Off                ;
; Block Design Naming                                                        ; Auto               ; Auto               ;
; SDC constraint protection                                                  ; Off                ; Off                ;
; Synthesis Effort                                                           ; Auto               ; Auto               ;
; Shift Register Replacement - Allow Asynchronous Clear Signal               ; On                 ; On                 ;
; Pre-Mapping Resynthesis Optimization                                       ; Off                ; Off                ;
; Analysis & Synthesis Message Level                                         ; Medium             ; Medium             ;
; Disable Register Merging Across Hierarchies                                ; Auto               ; Auto               ;
; Resource Aware Inference For Block RAM                                     ; On                 ; On                 ;
+----------------------------------------------------------------------------+--------------------+--------------------+


+------------------------------------------+
; Parallel Compilation                     ;
+----------------------------+-------------+
; Processors                 ; Number      ;
+----------------------------+-------------+
; Number detected on machine ; 8           ;
; Maximum allowed            ; 4           ;
;                            ;             ;
; Average used               ; 1.00        ;
; Maximum used               ; 1           ;
;                            ;             ;
; Usage by Processor         ; % Time Used ;
;     Processor 1            ; 100.0%      ;
+----------------------------+-------------+


+------------------------------------------------------------------------------------------------------------------------------------------------------------------+
; Analysis & Synthesis Source Files Read                                                                                                                           ;
+----------------------------------+-----------------+------------------------+--------------------------------------------------------------------------+---------+
; File Name with User-Entered Path ; Used in Netlist ; File Type              ; File Name with Absolute Path                                             ; Library ;
+----------------------------------+-----------------+------------------------+--------------------------------------------------------------------------+---------+
; OneBitFullAdder.v                ; yes             ; User Verilog HDL File  ; C:/Users/x1418/Desktop/XJEL2665_Tasks_Quartus/Task_204/OneBitFullAdder.v ;         ;
; ArrayCell.v                      ; yes             ; User Verilog HDL File  ; C:/Users/x1418/Desktop/XJEL2665_Tasks_Quartus/Task_204/ArrayCell.v       ;         ;
; ArrayRow.v                       ; yes             ; User Verilog HDL File  ; C:/Users/x1418/Desktop/XJEL2665_Tasks_Quartus/Task_204/ArrayRow.v        ;         ;
; EightMultiplier.v                ; yes             ; User Verilog HDL File  ; C:/Users/x1418/Desktop/XJEL2665_Tasks_Quartus/Task_204/EightMultiplier.v ;         ;
+----------------------------------+-----------------+------------------------+--------------------------------------------------------------------------+---------+


+----------------------------------------------------------+
; Analysis & Synthesis Resource Usage Summary              ;
+---------------------------------------------+------------+
; Resource                                    ; Usage      ;
+---------------------------------------------+------------+
; Estimated Total logic elements              ; 119        ;
;                                             ;            ;
; Total combinational functions               ; 119        ;
; Logic element usage by number of LUT inputs ;            ;
;     -- 4 input functions                    ; 98         ;
;     -- 3 input functions                    ; 14         ;
;     -- <=2 input functions                  ; 7          ;
;                                             ;            ;
; Logic elements by mode                      ;            ;
;     -- normal mode                          ; 119        ;
;     -- arithmetic mode                      ; 0          ;
;                                             ;            ;
; Total registers                             ; 0          ;
;     -- Dedicated logic registers            ; 0          ;
;     -- I/O registers                        ; 0          ;
;                                             ;            ;
; I/O pins                                    ; 32         ;
;                                             ;            ;
; Embedded Multiplier 9-bit elements          ; 0          ;
;                                             ;            ;
; Maximum fan-out node                        ; a[1]~input ;
; Maximum fan-out                             ; 16         ;
; Total fan-out                               ; 496        ;
; Average fan-out                             ; 2.71       ;
+---------------------------------------------+------------+


+------------------------------------------------------------------------------------------------------------------------------------------------------------------------------------------------------------------------------------------------------------------------------------------+
; Analysis & Synthesis Resource Utilization by Entity                                                                                                                                                                                                                                      ;
+----------------------------------+---------------------+---------------------------+-------------+------------+--------------+---------+-----------+------+--------------+------------+-----------------------------------------------------------------+-----------------+--------------+
; Compilation Hierarchy Node       ; Combinational ALUTs ; Dedicated Logic Registers ; Memory Bits ; UFM Blocks ; DSP Elements ; DSP 9x9 ; DSP 18x18 ; Pins ; Virtual Pins ; ADC blocks ; Full Hierarchy Name                                             ; Entity Name     ; Library Name ;
+----------------------------------+---------------------+---------------------------+-------------+------------+--------------+---------+-----------+------+--------------+------------+-----------------------------------------------------------------+-----------------+--------------+
; |EightMultiplier                 ; 119 (7)             ; 0 (0)                     ; 0           ; 0          ; 0            ; 0       ; 0         ; 32   ; 0            ; 0          ; |EightMultiplier                                                ; EightMultiplier ; work         ;
;    |ArrayRow:r0|                 ; 16 (0)              ; 0 (0)                     ; 0           ; 0          ; 0            ; 0       ; 0         ; 0    ; 0            ; 0          ; |EightMultiplier|ArrayRow:r0                                    ; ArrayRow        ; work         ;
;       |ArrayCell:c0|             ; 2 (0)               ; 0 (0)                     ; 0           ; 0          ; 0            ; 0       ; 0         ; 0    ; 0            ; 0          ; |EightMultiplier|ArrayRow:r0|ArrayCell:c0                       ; ArrayCell       ; work         ;
;          |OneBitFullAdder:adder| ; 2 (2)               ; 0 (0)                     ; 0           ; 0          ; 0            ; 0       ; 0         ; 0    ; 0            ; 0          ; |EightMultiplier|ArrayRow:r0|ArrayCell:c0|OneBitFullAdder:adder ; OneBitFullAdder ; work         ;
;       |ArrayCell:c1|             ; 2 (0)               ; 0 (0)                     ; 0           ; 0          ; 0            ; 0       ; 0         ; 0    ; 0            ; 0          ; |EightMultiplier|ArrayRow:r0|ArrayCell:c1                       ; ArrayCell       ; work         ;
;          |OneBitFullAdder:adder| ; 2 (2)               ; 0 (0)                     ; 0           ; 0          ; 0            ; 0       ; 0         ; 0    ; 0            ; 0          ; |EightMultiplier|ArrayRow:r0|ArrayCell:c1|OneBitFullAdder:adder ; OneBitFullAdder ; work         ;
;       |ArrayCell:c2|             ; 2 (0)               ; 0 (0)                     ; 0           ; 0          ; 0            ; 0       ; 0         ; 0    ; 0            ; 0          ; |EightMultiplier|ArrayRow:r0|ArrayCell:c2                       ; ArrayCell       ; work         ;
;          |OneBitFullAdder:adder| ; 2 (2)               ; 0 (0)                     ; 0           ; 0          ; 0            ; 0       ; 0         ; 0    ; 0            ; 0          ; |EightMultiplier|ArrayRow:r0|ArrayCell:c2|OneBitFullAdder:adder ; OneBitFullAdder ; work         ;
;       |ArrayCell:c3|             ; 2 (0)               ; 0 (0)                     ; 0           ; 0          ; 0            ; 0       ; 0         ; 0    ; 0            ; 0          ; |EightMultiplier|ArrayRow:r0|ArrayCell:c3                       ; ArrayCell       ; work         ;
;          |OneBitFullAdder:adder| ; 2 (2)               ; 0 (0)                     ; 0           ; 0          ; 0            ; 0       ; 0         ; 0    ; 0            ; 0          ; |EightMultiplier|ArrayRow:r0|ArrayCell:c3|OneBitFullAdder:adder ; OneBitFullAdder ; work         ;
;       |ArrayCell:c4|             ; 2 (0)               ; 0 (0)                     ; 0           ; 0          ; 0            ; 0       ; 0         ; 0    ; 0            ; 0          ; |EightMultiplier|ArrayRow:r0|ArrayCell:c4                       ; ArrayCell       ; work         ;
;          |OneBitFullAdder:adder| ; 2 (2)               ; 0 (0)                     ; 0           ; 0          ; 0            ; 0       ; 0         ; 0    ; 0            ; 0          ; |EightMultiplier|ArrayRow:r0|ArrayCell:c4|OneBitFullAdder:adder ; OneBitFullAdder ; work         ;
;       |ArrayCell:c5|             ; 2 (0)               ; 0 (0)                     ; 0           ; 0          ; 0            ; 0       ; 0         ; 0    ; 0            ; 0          ; |EightMultiplier|ArrayRow:r0|ArrayCell:c5                       ; ArrayCell       ; work         ;
;          |OneBitFullAdder:adder| ; 2 (2)               ; 0 (0)                     ; 0           ; 0          ; 0            ; 0       ; 0         ; 0    ; 0            ; 0          ; |EightMultiplier|ArrayRow:r0|ArrayCell:c5|OneBitFullAdder:adder ; OneBitFullAdder ; work         ;
;       |ArrayCell:c6|             ; 2 (0)               ; 0 (0)                     ; 0           ; 0          ; 0            ; 0       ; 0         ; 0    ; 0            ; 0          ; |EightMultiplier|ArrayRow:r0|ArrayCell:c6                       ; ArrayCell       ; work         ;
;          |OneBitFullAdder:adder| ; 2 (2)               ; 0 (0)                     ; 0           ; 0          ; 0            ; 0       ; 0         ; 0    ; 0            ; 0          ; |EightMultiplier|ArrayRow:r0|ArrayCell:c6|OneBitFullAdder:adder ; OneBitFullAdder ; work         ;
;       |ArrayCell:c7|             ; 2 (0)               ; 0 (0)                     ; 0           ; 0          ; 0            ; 0       ; 0         ; 0    ; 0            ; 0          ; |EightMultiplier|ArrayRow:r0|ArrayCell:c7                       ; ArrayCell       ; work         ;
;          |OneBitFullAdder:adder| ; 2 (2)               ; 0 (0)                     ; 0           ; 0          ; 0            ; 0       ; 0         ; 0    ; 0            ; 0          ; |EightMultiplier|ArrayRow:r0|ArrayCell:c7|OneBitFullAdder:adder ; OneBitFullAdder ; work         ;
;    |ArrayRow:r1|                 ; 16 (0)              ; 0 (0)                     ; 0           ; 0          ; 0            ; 0       ; 0         ; 0    ; 0            ; 0          ; |EightMultiplier|ArrayRow:r1                                    ; ArrayRow        ; work         ;
;       |ArrayCell:c0|             ; 2 (0)               ; 0 (0)                     ; 0           ; 0          ; 0            ; 0       ; 0         ; 0    ; 0            ; 0          ; |EightMultiplier|ArrayRow:r1|ArrayCell:c0                       ; ArrayCell       ; work         ;
;          |OneBitFullAdder:adder| ; 2 (2)               ; 0 (0)                     ; 0           ; 0          ; 0            ; 0       ; 0         ; 0    ; 0            ; 0          ; |EightMultiplier|ArrayRow:r1|ArrayCell:c0|OneBitFullAdder:adder ; OneBitFullAdder ; work         ;
;       |ArrayCell:c1|             ; 2 (0)               ; 0 (0)                     ; 0           ; 0          ; 0            ; 0       ; 0         ; 0    ; 0            ; 0          ; |EightMultiplier|ArrayRow:r1|ArrayCell:c1                       ; ArrayCell       ; work         ;
;          |OneBitFullAdder:adder| ; 2 (2)               ; 0 (0)                     ; 0           ; 0          ; 0            ; 0       ; 0         ; 0    ; 0            ; 0          ; |EightMultiplier|ArrayRow:r1|ArrayCell:c1|OneBitFullAdder:adder ; OneBitFullAdder ; work         ;
;       |ArrayCell:c2|             ; 2 (0)               ; 0 (0)                     ; 0           ; 0          ; 0            ; 0       ; 0         ; 0    ; 0            ; 0          ; |EightMultiplier|ArrayRow:r1|ArrayCell:c2                       ; ArrayCell       ; work         ;
;          |OneBitFullAdder:adder| ; 2 (2)               ; 0 (0)                     ; 0           ; 0          ; 0            ; 0       ; 0         ; 0    ; 0            ; 0          ; |EightMultiplier|ArrayRow:r1|ArrayCell:c2|OneBitFullAdder:adder ; OneBitFullAdder ; work         ;
;       |ArrayCell:c3|             ; 2 (0)               ; 0 (0)                     ; 0           ; 0          ; 0            ; 0       ; 0         ; 0    ; 0            ; 0          ; |EightMultiplier|ArrayRow:r1|ArrayCell:c3                       ; ArrayCell       ; work         ;
;          |OneBitFullAdder:adder| ; 2 (2)               ; 0 (0)                     ; 0           ; 0          ; 0            ; 0       ; 0         ; 0    ; 0            ; 0          ; |EightMultiplier|ArrayRow:r1|ArrayCell:c3|OneBitFullAdder:adder ; OneBitFullAdder ; work         ;
;       |ArrayCell:c4|             ; 2 (0)               ; 0 (0)                     ; 0           ; 0          ; 0            ; 0       ; 0         ; 0    ; 0            ; 0          ; |EightMultiplier|ArrayRow:r1|ArrayCell:c4                       ; ArrayCell       ; work         ;
;          |OneBitFullAdder:adder| ; 2 (2)               ; 0 (0)                     ; 0           ; 0          ; 0            ; 0       ; 0         ; 0    ; 0            ; 0          ; |EightMultiplier|ArrayRow:r1|ArrayCell:c4|OneBitFullAdder:adder ; OneBitFullAdder ; work         ;
;       |ArrayCell:c5|             ; 2 (0)               ; 0 (0)                     ; 0           ; 0          ; 0            ; 0       ; 0         ; 0    ; 0            ; 0          ; |EightMultiplier|ArrayRow:r1|ArrayCell:c5                       ; ArrayCell       ; work         ;
;          |OneBitFullAdder:adder| ; 2 (2)               ; 0 (0)                     ; 0           ; 0          ; 0            ; 0       ; 0         ; 0    ; 0            ; 0          ; |EightMultiplier|ArrayRow:r1|ArrayCell:c5|OneBitFullAdder:adder ; OneBitFullAdder ; work         ;
;       |ArrayCell:c6|             ; 2 (0)               ; 0 (0)                     ; 0           ; 0          ; 0            ; 0       ; 0         ; 0    ; 0            ; 0          ; |EightMultiplier|ArrayRow:r1|ArrayCell:c6                       ; ArrayCell       ; work         ;
;          |OneBitFullAdder:adder| ; 2 (2)               ; 0 (0)                     ; 0           ; 0          ; 0            ; 0       ; 0         ; 0    ; 0            ; 0          ; |EightMultiplier|ArrayRow:r1|ArrayCell:c6|OneBitFullAdder:adder ; OneBitFullAdder ; work         ;
;       |ArrayCell:c7|             ; 2 (0)               ; 0 (0)                     ; 0           ; 0          ; 0            ; 0       ; 0         ; 0    ; 0            ; 0          ; |EightMultiplier|ArrayRow:r1|ArrayCell:c7                       ; ArrayCell       ; work         ;
;          |OneBitFullAdder:adder| ; 2 (2)               ; 0 (0)                     ; 0           ; 0          ; 0            ; 0       ; 0         ; 0    ; 0            ; 0          ; |EightMultiplier|ArrayRow:r1|ArrayCell:c7|OneBitFullAdder:adder ; OneBitFullAdder ; work         ;
;    |ArrayRow:r2|                 ; 16 (0)              ; 0 (0)                     ; 0           ; 0          ; 0            ; 0       ; 0         ; 0    ; 0            ; 0          ; |EightMultiplier|ArrayRow:r2                                    ; ArrayRow        ; work         ;
;       |ArrayCell:c0|             ; 2 (0)               ; 0 (0)                     ; 0           ; 0          ; 0            ; 0       ; 0         ; 0    ; 0            ; 0          ; |EightMultiplier|ArrayRow:r2|ArrayCell:c0                       ; ArrayCell       ; work         ;
;          |OneBitFullAdder:adder| ; 2 (2)               ; 0 (0)                     ; 0           ; 0          ; 0            ; 0       ; 0         ; 0    ; 0            ; 0          ; |EightMultiplier|ArrayRow:r2|ArrayCell:c0|OneBitFullAdder:adder ; OneBitFullAdder ; work         ;
;       |ArrayCell:c1|             ; 2 (0)               ; 0 (0)                     ; 0           ; 0          ; 0            ; 0       ; 0         ; 0    ; 0            ; 0          ; |EightMultiplier|ArrayRow:r2|ArrayCell:c1                       ; ArrayCell       ; work         ;
;          |OneBitFullAdder:adder| ; 2 (2)               ; 0 (0)                     ; 0           ; 0          ; 0            ; 0       ; 0         ; 0    ; 0            ; 0          ; |EightMultiplier|ArrayRow:r2|ArrayCell:c1|OneBitFullAdder:adder ; OneBitFullAdder ; work         ;
;       |ArrayCell:c2|             ; 2 (0)               ; 0 (0)                     ; 0           ; 0          ; 0            ; 0       ; 0         ; 0    ; 0            ; 0          ; |EightMultiplier|ArrayRow:r2|ArrayCell:c2                       ; ArrayCell       ; work         ;
;          |OneBitFullAdder:adder| ; 2 (2)               ; 0 (0)                     ; 0           ; 0          ; 0            ; 0       ; 0         ; 0    ; 0            ; 0          ; |EightMultiplier|ArrayRow:r2|ArrayCell:c2|OneBitFullAdder:adder ; OneBitFullAdder ; work         ;
;       |ArrayCell:c3|             ; 2 (0)               ; 0 (0)                     ; 0           ; 0          ; 0            ; 0       ; 0         ; 0    ; 0            ; 0          ; |EightMultiplier|ArrayRow:r2|ArrayCell:c3                       ; ArrayCell       ; work         ;
;          |OneBitFullAdder:adder| ; 2 (2)               ; 0 (0)                     ; 0           ; 0          ; 0            ; 0       ; 0         ; 0    ; 0            ; 0          ; |EightMultiplier|ArrayRow:r2|ArrayCell:c3|OneBitFullAdder:adder ; OneBitFullAdder ; work         ;
;       |ArrayCell:c4|             ; 2 (0)               ; 0 (0)                     ; 0           ; 0          ; 0            ; 0       ; 0         ; 0    ; 0            ; 0          ; |EightMultiplier|ArrayRow:r2|ArrayCell:c4                       ; ArrayCell       ; work         ;
;          |OneBitFullAdder:adder| ; 2 (2)               ; 0 (0)                     ; 0           ; 0          ; 0            ; 0       ; 0         ; 0    ; 0            ; 0          ; |EightMultiplier|ArrayRow:r2|ArrayCell:c4|OneBitFullAdder:adder ; OneBitFullAdder ; work         ;
;       |ArrayCell:c5|             ; 2 (0)               ; 0 (0)                     ; 0           ; 0          ; 0            ; 0       ; 0         ; 0    ; 0            ; 0          ; |EightMultiplier|ArrayRow:r2|ArrayCell:c5                       ; ArrayCell       ; work         ;
;          |OneBitFullAdder:adder| ; 2 (2)               ; 0 (0)                     ; 0           ; 0          ; 0            ; 0       ; 0         ; 0    ; 0            ; 0          ; |EightMultiplier|ArrayRow:r2|ArrayCell:c5|OneBitFullAdder:adder ; OneBitFullAdder ; work         ;
;       |ArrayCell:c6|             ; 2 (0)               ; 0 (0)                     ; 0           ; 0          ; 0            ; 0       ; 0         ; 0    ; 0            ; 0          ; |EightMultiplier|ArrayRow:r2|ArrayCell:c6                       ; ArrayCell       ; work         ;
;          |OneBitFullAdder:adder| ; 2 (2)               ; 0 (0)                     ; 0           ; 0          ; 0            ; 0       ; 0         ; 0    ; 0            ; 0          ; |EightMultiplier|ArrayRow:r2|ArrayCell:c6|OneBitFullAdder:adder ; OneBitFullAdder ; work         ;
;       |ArrayCell:c7|             ; 2 (0)               ; 0 (0)                     ; 0           ; 0          ; 0            ; 0       ; 0         ; 0    ; 0            ; 0          ; |EightMultiplier|ArrayRow:r2|ArrayCell:c7                       ; ArrayCell       ; work         ;
;          |OneBitFullAdder:adder| ; 2 (2)               ; 0 (0)                     ; 0           ; 0          ; 0            ; 0       ; 0         ; 0    ; 0            ; 0          ; |EightMultiplier|ArrayRow:r2|ArrayCell:c7|OneBitFullAdder:adder ; OneBitFullAdder ; work         ;
;    |ArrayRow:r3|                 ; 16 (0)              ; 0 (0)                     ; 0           ; 0          ; 0            ; 0       ; 0         ; 0    ; 0            ; 0          ; |EightMultiplier|ArrayRow:r3                                    ; ArrayRow        ; work         ;
;       |ArrayCell:c0|             ; 2 (0)               ; 0 (0)                     ; 0           ; 0          ; 0            ; 0       ; 0         ; 0    ; 0            ; 0          ; |EightMultiplier|ArrayRow:r3|ArrayCell:c0                       ; ArrayCell       ; work         ;
;          |OneBitFullAdder:adder| ; 2 (2)               ; 0 (0)                     ; 0           ; 0          ; 0            ; 0       ; 0         ; 0    ; 0            ; 0          ; |EightMultiplier|ArrayRow:r3|ArrayCell:c0|OneBitFullAdder:adder ; OneBitFullAdder ; work         ;
;       |ArrayCell:c1|             ; 2 (0)               ; 0 (0)                     ; 0           ; 0          ; 0            ; 0       ; 0         ; 0    ; 0            ; 0          ; |EightMultiplier|ArrayRow:r3|ArrayCell:c1                       ; ArrayCell       ; work         ;
;          |OneBitFullAdder:adder| ; 2 (2)               ; 0 (0)                     ; 0           ; 0          ; 0            ; 0       ; 0         ; 0    ; 0            ; 0          ; |EightMultiplier|ArrayRow:r3|ArrayCell:c1|OneBitFullAdder:adder ; OneBitFullAdder ; work         ;
;       |ArrayCell:c2|             ; 2 (0)               ; 0 (0)                     ; 0           ; 0          ; 0            ; 0       ; 0         ; 0    ; 0            ; 0          ; |EightMultiplier|ArrayRow:r3|ArrayCell:c2                       ; ArrayCell       ; work         ;
;          |OneBitFullAdder:adder| ; 2 (2)               ; 0 (0)                     ; 0           ; 0          ; 0            ; 0       ; 0         ; 0    ; 0            ; 0          ; |EightMultiplier|ArrayRow:r3|ArrayCell:c2|OneBitFullAdder:adder ; OneBitFullAdder ; work         ;
;       |ArrayCell:c3|             ; 2 (0)               ; 0 (0)                     ; 0           ; 0          ; 0            ; 0       ; 0         ; 0    ; 0            ; 0          ; |EightMultiplier|ArrayRow:r3|ArrayCell:c3                       ; ArrayCell       ; work         ;
;          |OneBitFullAdder:adder| ; 2 (2)               ; 0 (0)                     ; 0           ; 0          ; 0            ; 0       ; 0         ; 0    ; 0            ; 0          ; |EightMultiplier|ArrayRow:r3|ArrayCell:c3|OneBitFullAdder:adder ; OneBitFullAdder ; work         ;
;       |ArrayCell:c4|             ; 2 (0)               ; 0 (0)                     ; 0           ; 0          ; 0            ; 0       ; 0         ; 0    ; 0            ; 0          ; |EightMultiplier|ArrayRow:r3|ArrayCell:c4                       ; ArrayCell       ; work         ;
;          |OneBitFullAdder:adder| ; 2 (2)               ; 0 (0)                     ; 0           ; 0          ; 0            ; 0       ; 0         ; 0    ; 0            ; 0          ; |EightMultiplier|ArrayRow:r3|ArrayCell:c4|OneBitFullAdder:adder ; OneBitFullAdder ; work         ;
;       |ArrayCell:c5|             ; 2 (0)               ; 0 (0)                     ; 0           ; 0          ; 0            ; 0       ; 0         ; 0    ; 0            ; 0          ; |EightMultiplier|ArrayRow:r3|ArrayCell:c5                       ; ArrayCell       ; work         ;
;          |OneBitFullAdder:adder| ; 2 (2)               ; 0 (0)                     ; 0           ; 0          ; 0            ; 0       ; 0         ; 0    ; 0            ; 0          ; |EightMultiplier|ArrayRow:r3|ArrayCell:c5|OneBitFullAdder:adder ; OneBitFullAdder ; work         ;
;       |ArrayCell:c6|             ; 2 (0)               ; 0 (0)                     ; 0           ; 0          ; 0            ; 0       ; 0         ; 0    ; 0            ; 0          ; |EightMultiplier|ArrayRow:r3|ArrayCell:c6                       ; ArrayCell       ; work         ;
;          |OneBitFullAdder:adder| ; 2 (2)               ; 0 (0)                     ; 0           ; 0          ; 0            ; 0       ; 0         ; 0    ; 0            ; 0          ; |EightMultiplier|ArrayRow:r3|ArrayCell:c6|OneBitFullAdder:adder ; OneBitFullAdder ; work         ;
;       |ArrayCell:c7|             ; 2 (0)               ; 0 (0)                     ; 0           ; 0          ; 0            ; 0       ; 0         ; 0    ; 0            ; 0          ; |EightMultiplier|ArrayRow:r3|ArrayCell:c7                       ; ArrayCell       ; work         ;
;          |OneBitFullAdder:adder| ; 2 (2)               ; 0 (0)                     ; 0           ; 0          ; 0            ; 0       ; 0         ; 0    ; 0            ; 0          ; |EightMultiplier|ArrayRow:r3|ArrayCell:c7|OneBitFullAdder:adder ; OneBitFullAdder ; work         ;
;    |ArrayRow:r4|                 ; 16 (0)              ; 0 (0)                     ; 0           ; 0          ; 0            ; 0       ; 0         ; 0    ; 0            ; 0          ; |EightMultiplier|ArrayRow:r4                                    ; ArrayRow        ; work         ;
;       |ArrayCell:c0|             ; 2 (0)               ; 0 (0)                     ; 0           ; 0          ; 0            ; 0       ; 0         ; 0    ; 0            ; 0          ; |EightMultiplier|ArrayRow:r4|ArrayCell:c0                       ; ArrayCell       ; work         ;
;          |OneBitFullAdder:adder| ; 2 (2)               ; 0 (0)                     ; 0           ; 0          ; 0            ; 0       ; 0         ; 0    ; 0            ; 0          ; |EightMultiplier|ArrayRow:r4|ArrayCell:c0|OneBitFullAdder:adder ; OneBitFullAdder ; work         ;
;       |ArrayCell:c1|             ; 2 (0)               ; 0 (0)                     ; 0           ; 0          ; 0            ; 0       ; 0         ; 0    ; 0            ; 0          ; |EightMultiplier|ArrayRow:r4|ArrayCell:c1                       ; ArrayCell       ; work         ;
;          |OneBitFullAdder:adder| ; 2 (2)               ; 0 (0)                     ; 0           ; 0          ; 0            ; 0       ; 0         ; 0    ; 0            ; 0          ; |EightMultiplier|ArrayRow:r4|ArrayCell:c1|OneBitFullAdder:adder ; OneBitFullAdder ; work         ;
;       |ArrayCell:c2|             ; 2 (0)               ; 0 (0)                     ; 0           ; 0          ; 0            ; 0       ; 0         ; 0    ; 0            ; 0          ; |EightMultiplier|ArrayRow:r4|ArrayCell:c2                       ; ArrayCell       ; work         ;
;          |OneBitFullAdder:adder| ; 2 (2)               ; 0 (0)                     ; 0           ; 0          ; 0            ; 0       ; 0         ; 0    ; 0            ; 0          ; |EightMultiplier|ArrayRow:r4|ArrayCell:c2|OneBitFullAdder:adder ; OneBitFullAdder ; work         ;
;       |ArrayCell:c3|             ; 2 (0)               ; 0 (0)                     ; 0           ; 0          ; 0            ; 0       ; 0         ; 0    ; 0            ; 0          ; |EightMultiplier|ArrayRow:r4|ArrayCell:c3                       ; ArrayCell       ; work         ;
;          |OneBitFullAdder:adder| ; 2 (2)               ; 0 (0)                     ; 0           ; 0          ; 0            ; 0       ; 0         ; 0    ; 0            ; 0          ; |EightMultiplier|ArrayRow:r4|ArrayCell:c3|OneBitFullAdder:adder ; OneBitFullAdder ; work         ;
;       |ArrayCell:c4|             ; 2 (0)               ; 0 (0)                     ; 0           ; 0          ; 0            ; 0       ; 0         ; 0    ; 0            ; 0          ; |EightMultiplier|ArrayRow:r4|ArrayCell:c4                       ; ArrayCell       ; work         ;
;          |OneBitFullAdder:adder| ; 2 (2)               ; 0 (0)                     ; 0           ; 0          ; 0            ; 0       ; 0         ; 0    ; 0            ; 0          ; |EightMultiplier|ArrayRow:r4|ArrayCell:c4|OneBitFullAdder:adder ; OneBitFullAdder ; work         ;
;       |ArrayCell:c5|             ; 2 (0)               ; 0 (0)                     ; 0           ; 0          ; 0            ; 0       ; 0         ; 0    ; 0            ; 0          ; |EightMultiplier|ArrayRow:r4|ArrayCell:c5                       ; ArrayCell       ; work         ;
;          |OneBitFullAdder:adder| ; 2 (2)               ; 0 (0)                     ; 0           ; 0          ; 0            ; 0       ; 0         ; 0    ; 0            ; 0          ; |EightMultiplier|ArrayRow:r4|ArrayCell:c5|OneBitFullAdder:adder ; OneBitFullAdder ; work         ;
;       |ArrayCell:c6|             ; 2 (0)               ; 0 (0)                     ; 0           ; 0          ; 0            ; 0       ; 0         ; 0    ; 0            ; 0          ; |EightMultiplier|ArrayRow:r4|ArrayCell:c6                       ; ArrayCell       ; work         ;
;          |OneBitFullAdder:adder| ; 2 (2)               ; 0 (0)                     ; 0           ; 0          ; 0            ; 0       ; 0         ; 0    ; 0            ; 0          ; |EightMultiplier|ArrayRow:r4|ArrayCell:c6|OneBitFullAdder:adder ; OneBitFullAdder ; work         ;
;       |ArrayCell:c7|             ; 2 (0)               ; 0 (0)                     ; 0           ; 0          ; 0            ; 0       ; 0         ; 0    ; 0            ; 0          ; |EightMultiplier|ArrayRow:r4|ArrayCell:c7                       ; ArrayCell       ; work         ;
;          |OneBitFullAdder:adder| ; 2 (2)               ; 0 (0)                     ; 0           ; 0          ; 0            ; 0       ; 0         ; 0    ; 0            ; 0          ; |EightMultiplier|ArrayRow:r4|ArrayCell:c7|OneBitFullAdder:adder ; OneBitFullAdder ; work         ;
;    |ArrayRow:r5|                 ; 16 (0)              ; 0 (0)                     ; 0           ; 0          ; 0            ; 0       ; 0         ; 0    ; 0            ; 0          ; |EightMultiplier|ArrayRow:r5                                    ; ArrayRow        ; work         ;
;       |ArrayCell:c0|             ; 2 (0)               ; 0 (0)                     ; 0           ; 0          ; 0            ; 0       ; 0         ; 0    ; 0            ; 0          ; |EightMultiplier|ArrayRow:r5|ArrayCell:c0                       ; ArrayCell       ; work         ;
;          |OneBitFullAdder:adder| ; 2 (2)               ; 0 (0)                     ; 0           ; 0          ; 0            ; 0       ; 0         ; 0    ; 0            ; 0          ; |EightMultiplier|ArrayRow:r5|ArrayCell:c0|OneBitFullAdder:adder ; OneBitFullAdder ; work         ;
;       |ArrayCell:c1|             ; 2 (0)               ; 0 (0)                     ; 0           ; 0          ; 0            ; 0       ; 0         ; 0    ; 0            ; 0          ; |EightMultiplier|ArrayRow:r5|ArrayCell:c1                       ; ArrayCell       ; work         ;
;          |OneBitFullAdder:adder| ; 2 (2)               ; 0 (0)                     ; 0           ; 0          ; 0            ; 0       ; 0         ; 0    ; 0            ; 0          ; |EightMultiplier|ArrayRow:r5|ArrayCell:c1|OneBitFullAdder:adder ; OneBitFullAdder ; work         ;
;       |ArrayCell:c2|             ; 2 (0)               ; 0 (0)                     ; 0           ; 0          ; 0            ; 0       ; 0         ; 0    ; 0            ; 0          ; |EightMultiplier|ArrayRow:r5|ArrayCell:c2                       ; ArrayCell       ; work         ;
;          |OneBitFullAdder:adder| ; 2 (2)               ; 0 (0)                     ; 0           ; 0          ; 0            ; 0       ; 0         ; 0    ; 0            ; 0          ; |EightMultiplier|ArrayRow:r5|ArrayCell:c2|OneBitFullAdder:adder ; OneBitFullAdder ; work         ;
;       |ArrayCell:c3|             ; 2 (0)               ; 0 (0)                     ; 0           ; 0          ; 0            ; 0       ; 0         ; 0    ; 0            ; 0          ; |EightMultiplier|ArrayRow:r5|ArrayCell:c3                       ; ArrayCell       ; work         ;
;          |OneBitFullAdder:adder| ; 2 (2)               ; 0 (0)                     ; 0           ; 0          ; 0            ; 0       ; 0         ; 0    ; 0            ; 0          ; |EightMultiplier|ArrayRow:r5|ArrayCell:c3|OneBitFullAdder:adder ; OneBitFullAdder ; work         ;
;       |ArrayCell:c4|             ; 2 (0)               ; 0 (0)                     ; 0           ; 0          ; 0            ; 0       ; 0         ; 0    ; 0            ; 0          ; |EightMultiplier|ArrayRow:r5|ArrayCell:c4                       ; ArrayCell       ; work         ;
;          |OneBitFullAdder:adder| ; 2 (2)               ; 0 (0)                     ; 0           ; 0          ; 0            ; 0       ; 0         ; 0    ; 0            ; 0          ; |EightMultiplier|ArrayRow:r5|ArrayCell:c4|OneBitFullAdder:adder ; OneBitFullAdder ; work         ;
;       |ArrayCell:c5|             ; 2 (0)               ; 0 (0)                     ; 0           ; 0          ; 0            ; 0       ; 0         ; 0    ; 0            ; 0          ; |EightMultiplier|ArrayRow:r5|ArrayCell:c5                       ; ArrayCell       ; work         ;
;          |OneBitFullAdder:adder| ; 2 (2)               ; 0 (0)                     ; 0           ; 0          ; 0            ; 0       ; 0         ; 0    ; 0            ; 0          ; |EightMultiplier|ArrayRow:r5|ArrayCell:c5|OneBitFullAdder:adder ; OneBitFullAdder ; work         ;
;       |ArrayCell:c6|             ; 2 (0)               ; 0 (0)                     ; 0           ; 0          ; 0            ; 0       ; 0         ; 0    ; 0            ; 0          ; |EightMultiplier|ArrayRow:r5|ArrayCell:c6                       ; ArrayCell       ; work         ;
;          |OneBitFullAdder:adder| ; 2 (2)               ; 0 (0)                     ; 0           ; 0          ; 0            ; 0       ; 0         ; 0    ; 0            ; 0          ; |EightMultiplier|ArrayRow:r5|ArrayCell:c6|OneBitFullAdder:adder ; OneBitFullAdder ; work         ;
;       |ArrayCell:c7|             ; 2 (0)               ; 0 (0)                     ; 0           ; 0          ; 0            ; 0       ; 0         ; 0    ; 0            ; 0          ; |EightMultiplier|ArrayRow:r5|ArrayCell:c7                       ; ArrayCell       ; work         ;
;          |OneBitFullAdder:adder| ; 2 (2)               ; 0 (0)                     ; 0           ; 0          ; 0            ; 0       ; 0         ; 0    ; 0            ; 0          ; |EightMultiplier|ArrayRow:r5|ArrayCell:c7|OneBitFullAdder:adder ; OneBitFullAdder ; work         ;
;    |ArrayRow:r6|                 ; 16 (0)              ; 0 (0)                     ; 0           ; 0          ; 0            ; 0       ; 0         ; 0    ; 0            ; 0          ; |EightMultiplier|ArrayRow:r6                                    ; ArrayRow        ; work         ;
;       |ArrayCell:c0|             ; 2 (0)               ; 0 (0)                     ; 0           ; 0          ; 0            ; 0       ; 0         ; 0    ; 0            ; 0          ; |EightMultiplier|ArrayRow:r6|ArrayCell:c0                       ; ArrayCell       ; work         ;
;          |OneBitFullAdder:adder| ; 2 (2)               ; 0 (0)                     ; 0           ; 0          ; 0            ; 0       ; 0         ; 0    ; 0            ; 0          ; |EightMultiplier|ArrayRow:r6|ArrayCell:c0|OneBitFullAdder:adder ; OneBitFullAdder ; work         ;
;       |ArrayCell:c1|             ; 2 (0)               ; 0 (0)                     ; 0           ; 0          ; 0            ; 0       ; 0         ; 0    ; 0            ; 0          ; |EightMultiplier|ArrayRow:r6|ArrayCell:c1                       ; ArrayCell       ; work         ;
;          |OneBitFullAdder:adder| ; 2 (2)               ; 0 (0)                     ; 0           ; 0          ; 0            ; 0       ; 0         ; 0    ; 0            ; 0          ; |EightMultiplier|ArrayRow:r6|ArrayCell:c1|OneBitFullAdder:adder ; OneBitFullAdder ; work         ;
;       |ArrayCell:c2|             ; 2 (0)               ; 0 (0)                     ; 0           ; 0          ; 0            ; 0       ; 0         ; 0    ; 0            ; 0          ; |EightMultiplier|ArrayRow:r6|ArrayCell:c2                       ; ArrayCell       ; work         ;
;          |OneBitFullAdder:adder| ; 2 (2)               ; 0 (0)                     ; 0           ; 0          ; 0            ; 0       ; 0         ; 0    ; 0            ; 0          ; |EightMultiplier|ArrayRow:r6|ArrayCell:c2|OneBitFullAdder:adder ; OneBitFullAdder ; work         ;
;       |ArrayCell:c3|             ; 2 (0)               ; 0 (0)                     ; 0           ; 0          ; 0            ; 0       ; 0         ; 0    ; 0            ; 0          ; |EightMultiplier|ArrayRow:r6|ArrayCell:c3                       ; ArrayCell       ; work         ;
;          |OneBitFullAdder:adder| ; 2 (2)               ; 0 (0)                     ; 0           ; 0          ; 0            ; 0       ; 0         ; 0    ; 0            ; 0          ; |EightMultiplier|ArrayRow:r6|ArrayCell:c3|OneBitFullAdder:adder ; OneBitFullAdder ; work         ;
;       |ArrayCell:c4|             ; 2 (0)               ; 0 (0)                     ; 0           ; 0          ; 0            ; 0       ; 0         ; 0    ; 0            ; 0          ; |EightMultiplier|ArrayRow:r6|ArrayCell:c4                       ; ArrayCell       ; work         ;
;          |OneBitFullAdder:adder| ; 2 (2)               ; 0 (0)                     ; 0           ; 0          ; 0            ; 0       ; 0         ; 0    ; 0            ; 0          ; |EightMultiplier|ArrayRow:r6|ArrayCell:c4|OneBitFullAdder:adder ; OneBitFullAdder ; work         ;
;       |ArrayCell:c5|             ; 2 (0)               ; 0 (0)                     ; 0           ; 0          ; 0            ; 0       ; 0         ; 0    ; 0            ; 0          ; |EightMultiplier|ArrayRow:r6|ArrayCell:c5                       ; ArrayCell       ; work         ;
;          |OneBitFullAdder:adder| ; 2 (2)               ; 0 (0)                     ; 0           ; 0          ; 0            ; 0       ; 0         ; 0    ; 0            ; 0          ; |EightMultiplier|ArrayRow:r6|ArrayCell:c5|OneBitFullAdder:adder ; OneBitFullAdder ; work         ;
;       |ArrayCell:c6|             ; 2 (0)               ; 0 (0)                     ; 0           ; 0          ; 0            ; 0       ; 0         ; 0    ; 0            ; 0          ; |EightMultiplier|ArrayRow:r6|ArrayCell:c6                       ; ArrayCell       ; work         ;
;          |OneBitFullAdder:adder| ; 2 (2)               ; 0 (0)                     ; 0           ; 0          ; 0            ; 0       ; 0         ; 0    ; 0            ; 0          ; |EightMultiplier|ArrayRow:r6|ArrayCell:c6|OneBitFullAdder:adder ; OneBitFullAdder ; work         ;
;       |ArrayCell:c7|             ; 2 (0)               ; 0 (0)                     ; 0           ; 0          ; 0            ; 0       ; 0         ; 0    ; 0            ; 0          ; |EightMultiplier|ArrayRow:r6|ArrayCell:c7                       ; ArrayCell       ; work         ;
;          |OneBitFullAdder:adder| ; 2 (2)               ; 0 (0)                     ; 0           ; 0          ; 0            ; 0       ; 0         ; 0    ; 0            ; 0          ; |EightMultiplier|ArrayRow:r6|ArrayCell:c7|OneBitFullAdder:adder ; OneBitFullAdder ; work         ;
+----------------------------------+---------------------+---------------------------+-------------+------------+--------------+---------+-----------+------+--------------+------------+-----------------------------------------------------------------+-----------------+--------------+
Note: For table entries with two numbers listed, the numbers in parentheses indicate the number of resources of the given type used by the specific entity alone. The numbers listed outside of parentheses indicate the total resources of the given type used by the specific entity and all of its sub-entities in the hierarchy.


+------------------------------------------------------+
; General Register Statistics                          ;
+----------------------------------------------+-------+
; Statistic                                    ; Value ;
+----------------------------------------------+-------+
; Total registers                              ; 0     ;
; Number of registers using Synchronous Clear  ; 0     ;
; Number of registers using Synchronous Load   ; 0     ;
; Number of registers using Asynchronous Clear ; 0     ;
; Number of registers using Asynchronous Load  ; 0     ;
; Number of registers using Clock Enable       ; 0     ;
; Number of registers using Preset             ; 0     ;
+----------------------------------------------+-------+


+------------------------------------------------------------------------------------------------------------------------------------------------------------------------------------------------------------------+
; Port Connectivity Checks: "ArrayRow:r0|ArrayCell:c0"                                                                                                                                                             ;
+----------+-------+----------+------------------------------------------------------------------------------------------------------------------------------------------------------------------------------------+
; Port     ; Type  ; Severity ; Details                                                                                                                                                                            ;
+----------+-------+----------+------------------------------------------------------------------------------------------------------------------------------------------------------------------------------------+
; c_in     ; Input ; Warning  ; Input port expression (32 bits) is wider than the input port (1 bits) it drives.  The 31 most-significant bit(s) in the expression will be dangling if they have no other fanouts. ;
; c_in[-1] ; Input ; Info     ; Stuck at GND                                                                                                                                                                       ;
+----------+-------+----------+------------------------------------------------------------------------------------------------------------------------------------------------------------------------------------+


+-------------------------------------------+
; Port Connectivity Checks: "ArrayRow:r0"   ;
+---------+-------+----------+--------------+
; Port    ; Type  ; Severity ; Details      ;
+---------+-------+----------+--------------+
; s_in[7] ; Input ; Info     ; Stuck at GND ;
+---------+-------+----------+--------------+


+-----------------------------------------------------+
; Post-Synthesis Netlist Statistics for Top Partition ;
+-----------------------+-----------------------------+
; Type                  ; Count                       ;
+-----------------------+-----------------------------+
; boundary_port         ; 32                          ;
; cycloneiii_lcell_comb ; 119                         ;
;     normal            ; 119                         ;
;         2 data inputs ; 7                           ;
;         3 data inputs ; 14                          ;
;         4 data inputs ; 98                          ;
;                       ;                             ;
; Max LUT depth         ; 20.00                       ;
; Average LUT depth     ; 18.45                       ;
+-----------------------+-----------------------------+


+-------------------------------+
; Elapsed Time Per Partition    ;
+----------------+--------------+
; Partition Name ; Elapsed Time ;
+----------------+--------------+
; Top            ; 00:00:01     ;
+----------------+--------------+


+-------------------------------+
; Analysis & Synthesis Messages ;
+-------------------------------+
Info: *******************************************************************
Info: Running Quartus Prime Analysis & Synthesis
    Info: Version 17.1.0 Build 590 10/25/2017 SJ Lite Edition
    Info: Processing started: Tue Feb 25 19:05:51 2020
Info: Command: quartus_map --read_settings_files=on --write_settings_files=off EightMultiplier -c EightMultiplier
Warning (18236): Number of processors has not been specified which may cause overloading on shared machines.  Set the global assignment NUM_PARALLEL_PROCESSORS in your QSF to an appropriate value for best performance.
Info (20030): Parallel compilation is enabled and will use 4 of the 4 processors detected
Info (12021): Found 1 design units, including 1 entities, in source file onebitfulladder.v
    Info (12023): Found entity 1: OneBitFullAdder File: C:/Users/x1418/Desktop/XJEL2665_Tasks_Quartus/Task_204/OneBitFullAdder.v Line: 1
Info (12021): Found 1 design units, including 1 entities, in source file arraycell.v
    Info (12023): Found entity 1: ArrayCell File: C:/Users/x1418/Desktop/XJEL2665_Tasks_Quartus/Task_204/ArrayCell.v Line: 2
Info (12021): Found 1 design units, including 1 entities, in source file arraycell_tb.v
    Info (12023): Found entity 1: ArrayCell_tb File: C:/Users/x1418/Desktop/XJEL2665_Tasks_Quartus/Task_204/ArrayCell_tb.v Line: 3
Info (12021): Found 1 design units, including 1 entities, in source file arrayrow.v
    Info (12023): Found entity 1: ArrayRow File: C:/Users/x1418/Desktop/XJEL2665_Tasks_Quartus/Task_204/ArrayRow.v Line: 2
Info (12021): Found 1 design units, including 1 entities, in source file arrayrow_tb.v
    Info (12023): Found entity 1: ArrayRow_tb File: C:/Users/x1418/Desktop/XJEL2665_Tasks_Quartus/Task_204/ArrayRow_tb.v Line: 3
Info (12021): Found 1 design units, including 1 entities, in source file eightmultiplier.v
    Info (12023): Found entity 1: EightMultiplier File: C:/Users/x1418/Desktop/XJEL2665_Tasks_Quartus/Task_204/EightMultiplier.v Line: 2
Info (12021): Found 1 design units, including 1 entities, in source file eightmultiplier_tb.v
    Info (12023): Found entity 1: EightMultiplier_tb File: C:/Users/x1418/Desktop/XJEL2665_Tasks_Quartus/Task_204/EightMultiplier_tb.v Line: 3
Info (12127): Elaborating entity "EightMultiplier" for the top level hierarchy
Info (12128): Elaborating entity "ArrayRow" for hierarchy "ArrayRow:r0" File: C:/Users/x1418/Desktop/XJEL2665_Tasks_Quartus/Task_204/EightMultiplier.v Line: 18
Info (12128): Elaborating entity "ArrayCell" for hierarchy "ArrayRow:r0|ArrayCell:c0" File: C:/Users/x1418/Desktop/XJEL2665_Tasks_Quartus/Task_204/ArrayRow.v Line: 13
Info (12128): Elaborating entity "OneBitFullAdder" for hierarchy "ArrayRow:r0|ArrayCell:c0|OneBitFullAdder:adder" File: C:/Users/x1418/Desktop/XJEL2665_Tasks_Quartus/Task_204/ArrayCell.v Line: 14
Warning (12020): Port "ordered port 3" on the entity instantiation of "c0" is connected to a signal of width 32. The formal width of the signal in the module is 1.  The extra bits will be ignored. File: C:/Users/x1418/Desktop/XJEL2665_Tasks_Quartus/Task_204/ArrayRow.v Line: 13
Warning (12020): Port "ordered port 3" on the entity instantiation of "c0" is connected to a signal of width 32. The formal width of the signal in the module is 1.  The extra bits will be ignored. File: C:/Users/x1418/Desktop/XJEL2665_Tasks_Quartus/Task_204/ArrayRow.v Line: 13
Warning (12020): Port "ordered port 3" on the entity instantiation of "c0" is connected to a signal of width 32. The formal width of the signal in the module is 1.  The extra bits will be ignored. File: C:/Users/x1418/Desktop/XJEL2665_Tasks_Quartus/Task_204/ArrayRow.v Line: 13
Warning (12020): Port "ordered port 3" on the entity instantiation of "c0" is connected to a signal of width 32. The formal width of the signal in the module is 1.  The extra bits will be ignored. File: C:/Users/x1418/Desktop/XJEL2665_Tasks_Quartus/Task_204/ArrayRow.v Line: 13
Warning (12020): Port "ordered port 3" on the entity instantiation of "c0" is connected to a signal of width 32. The formal width of the signal in the module is 1.  The extra bits will be ignored. File: C:/Users/x1418/Desktop/XJEL2665_Tasks_Quartus/Task_204/ArrayRow.v Line: 13
Warning (12020): Port "ordered port 3" on the entity instantiation of "c0" is connected to a signal of width 32. The formal width of the signal in the module is 1.  The extra bits will be ignored. File: C:/Users/x1418/Desktop/XJEL2665_Tasks_Quartus/Task_204/ArrayRow.v Line: 13
Warning (12241): 1 hierarchies have connectivity warnings - see the Connectivity Checks report folder
Info (286030): Timing-Driven Synthesis is running
Info (16010): Generating hard_block partition "hard_block:auto_generated_inst"
    Info (16011): Adding 0 node(s), including 0 DDIO, 0 PLL, 0 transceiver and 0 LCELL
Info (21057): Implemented 151 device resources after synthesis - the final resource count might be different
    Info (21058): Implemented 16 input pins
    Info (21059): Implemented 16 output pins
    Info (21061): Implemented 119 logic cells
Info: Quartus Prime Analysis & Synthesis was successful. 0 errors, 8 warnings
    Info: Peak virtual memory: 4757 megabytes
    Info: Processing ended: Tue Feb 25 19:06:09 2020
    Info: Elapsed time: 00:00:18
    Info: Total CPU time (on all processors): 00:00:39


